shooting_star service started.
Channel opened: shot_chat
Event(1241447261868110): shot_chat:{:event=>:enter, :uid=>nil, :tag=>[]}
Connected: 
Wait for: shot_chat::[]:1241447261159687
Shot: shot_chat:1::
Event(1241447290620859): shot_chat:{:event=>:leave, :uid=>nil, :tag=>[]}
Disconnected: :1241447261159687
Channel closed: shot_chat
Channel opened: shot_chat
Event(1241447291067095): shot_chat:{:event=>:enter, :uid=>nil, :tag=>[]}
Connected: 
Wait for: shot_chat::[]:1241447290330298
Shot: shot_chat:2::
Event(1241447417171986): shot_chat:{:event=>:leave, :uid=>nil, :tag=>[]}
Disconnected: :1241447290330298
Channel closed: shot_chat
Channel opened: shot_chat
Event(1241447417602742): shot_chat:{:event=>:enter, :uid=>nil, :tag=>[]}
Connected: 
Wait for: shot_chat::[]:1241447416895165
Shot: shot_chat:3::
Event(1241447429474110): shot_chat:{:event=>:enter, :uid=>nil, :tag=>[]}
Connected: 
Wait for: shot_chat::[]:1241447428836087
Shot: shot_chat:4::
Event(1241447533612755): shot_chat:{:event=>:leave, :uid=>nil, :tag=>[]}
Disconnected: :1241447416895165
Event(1241447534234040): shot_chat:{:event=>:enter, :uid=>nil, :tag=>[]}
Connected: 
Wait for: shot_chat::[]:1241447533368980
Shot: shot_chat:5::
Shot: shot_chat:6::
Shot: shot_chat:7::
Event(1241447567451547): shot_chat:{:event=>:leave, :uid=>nil, :tag=>[]}
Disconnected: :1241447428836087
Event(1241447568221523): shot_chat:{:event=>:enter, :uid=>nil, :tag=>[]}
Connected: 
Wait for: shot_chat::[]:1241447567181754
Event(1241447628939992): shot_chat:{:event=>:leave, :uid=>nil, :tag=>[]}
Disconnected: :1241447567181754
Event(1241447629505565): shot_chat:{:event=>:enter, :uid=>nil, :tag=>[]}
Connected: 
Wait for: shot_chat::[]:1241447628661056
Shot: shot_chat:8::
Event(1241448493109063): shot_chat:{:event=>:leave, :uid=>nil, :tag=>[]}
Disconnected: :1241447533368980
Event(1241448509607491): shot_chat:{:event=>:enter, :uid=>nil, :tag=>[]}
Connected: 
Wait for: shot_chat::[]:1241448508020222
Event(1241448534795646): shot_chat:{:event=>:leave, :uid=>nil, :tag=>[]}
Disconnected: :1241448508020222
Event(1241448535367340): shot_chat:{:event=>:enter, :uid=>nil, :tag=>[]}
Connected: 
Wait for: shot_chat::[]:1241448534476185
Shot: shot_chat:9::
Shot: shot_chat:10::
Event(1241448609873633): shot_chat:{:event=>:leave, :uid=>nil, :tag=>[]}
Disconnected: :1241447628661056
Event(1241448783948113): shot_chat:{:event=>:enter, :uid=>nil, :tag=>[]}
Connected: 
Wait for: shot_chat::[]:1241448783162073
shooting_star service stopped.
shooting_star service started.
Channel opened: shot_chat
Event(1241462932158031): shot_chat:{:event=>:enter, :uid=>nil, :tag=>[]}
Connected: 
Wait for: shot_chat::[]:1241462931352861
Shot: shot_chat:11::
Shot: shot_chat:12::
Event(1241462958211306): shot_chat:{:event=>:leave, :uid=>nil, :tag=>[]}
Disconnected: :1241462931352861
Channel closed: shot_chat
Channel opened: shot_chat
Event(1241462958371736): shot_chat:{:event=>:enter, :uid=>nil, :tag=>[]}
Connected: 
Wait for: shot_chat::[]:1241462957013959
Event(1241462958797170): shot_chat:{:event=>:enter, :uid=>nil, :tag=>[]}
Connected: 
Wait for: shot_chat::[]:1241462957198619
Shot: shot_chat:13::
Event(1241462982673151): shot_chat:{:event=>:enter, :uid=>nil, :tag=>[]}
Connected: 
Wait for: shot_chat::[]:1241462981247099
Shot: shot_chat:14::
Event(1241463358664539): shot_chat:{:event=>:enter, :uid=>nil, :tag=>[]}
Connected: 
Wait for: shot_chat::[]:1241463357518636
Event(1241463367843911): shot_chat:{:event=>:leave, :uid=>nil, :tag=>[]}
Disconnected: :1241462981247099
Event(1241463369988382): shot_chat:{:event=>:leave, :uid=>nil, :tag=>[]}
Disconnected: :1241462957198619
Event(1241463378173839): shot_chat:{:event=>:leave, :uid=>nil, :tag=>[]}
Disconnected: :1241462957013959
Event(1241463383444577): shot_chat:{:event=>:leave, :uid=>nil, :tag=>[]}
Disconnected: :1241463357518636
Channel closed: shot_chat
Channel opened: shot_chat
Event(1241463383825789): shot_chat:{:event=>:enter, :uid=>nil, :tag=>[]}
Connected: 
Wait for: shot_chat::[]:1241463382756583
Event(1241463386350445): shot_chat:{:event=>:leave, :uid=>nil, :tag=>[]}
Disconnected: :1241463382756583
Channel closed: shot_chat
Channel opened: shot_chat
Event(1241463387201270): shot_chat:{:event=>:enter, :uid=>nil, :tag=>[]}
Connected: 
Wait for: shot_chat::[]:1241463385742423
Event(1241463416658266): shot_chat:{:event=>:enter, :uid=>nil, :tag=>[]}
Connected: 
Wait for: shot_chat::[]:1241463415859767
Shot: shot_chat:15::
Shot: shot_chat:16::
Event(1241463498818069): shot_chat:{:event=>:enter, :uid=>nil, :tag=>[]}
Connected: 
Wait for: shot_chat::[]:1241463496818236
Event(1241463510414543): shot_chat:{:event=>:leave, :uid=>nil, :tag=>[]}
Disconnected: :1241463496818236
Event(1241463511767769): shot_chat:{:event=>:enter, :uid=>nil, :tag=>[]}
Connected: 
Wait for: shot_chat::[]:1241463510401516
Shot: shot_chat:17::
Event(1241463519051102): shot_chat:{:event=>:leave, :uid=>nil, :tag=>[]}
Disconnected: :1241463510401516
Event(1241463520149548): shot_chat:{:event=>:enter, :uid=>nil, :tag=>[]}
Connected: 
Wait for: shot_chat::[]:1241463519038386
Shot: shot_chat:18::
Event(1241463547726789): shot_chat:{:event=>:leave, :uid=>nil, :tag=>[]}
Disconnected: :1241463415859767
Event(1241463548901333): shot_chat:{:event=>:leave, :uid=>nil, :tag=>[]}
Disconnected: :1241463385742423
shooting_star service started.
Channel opened: shot_chat
Event(1241505285260645): shot_chat:{:event=>:enter, :uid=>nil, :tag=>[]}
Connected: 
Wait for: shot_chat::[]:1241505284232364
Event(1241505308199302): shot_chat:{:event=>:leave, :uid=>nil, :tag=>[]}
Disconnected: :1241505284232364
Channel closed: shot_chat
Channel opened: shot_chat
Event(1241505308727355): shot_chat:{:event=>:enter, :uid=>nil, :tag=>[]}
Connected: 
Wait for: shot_chat::[]:1241505307907203
Event(1241505311577241): shot_chat:{:event=>:leave, :uid=>nil, :tag=>[]}
Disconnected: :1241505307907203
Channel closed: shot_chat
Channel opened: shot_chat
Event(1241505312053614): shot_chat:{:event=>:enter, :uid=>nil, :tag=>[]}
Connected: 
Wait for: shot_chat::[]:1241505311309046
Event(1241505319230783): shot_chat:{:event=>:leave, :uid=>nil, :tag=>[]}
Disconnected: :1241505311309046
Channel closed: shot_chat
Channel opened: shot_chat
Event(1241505319737979): shot_chat:{:event=>:enter, :uid=>nil, :tag=>[]}
Connected: 
Wait for: shot_chat::[]:1241505319008550
Event(1241505355806396): shot_chat:{:event=>:leave, :uid=>nil, :tag=>[]}
Disconnected: :1241505319008550
Channel closed: shot_chat
Channel opened: shot_chat
Event(1241505356297081): shot_chat:{:event=>:enter, :uid=>nil, :tag=>[]}
Connected: 
Wait for: shot_chat::[]:1241505355549905
Shot: shot_chat:19::
Shot: shot_chat:20::
shooting_star service stopped.
shooting_star service is not running.
